0 info it worked if it ends with ok
1 verbose cli [ '/usr/local/bin/node', '/usr/local/bin/npm', 'run', 'bot' ]
2 info using npm@3.10.10
3 info using node@v7.2.1
4 verbose run-script [ 'prebot', 'bot', 'postbot' ]
5 info lifecycle discord-mubot@0.0.0~prebot: discord-mubot@0.0.0
6 silly lifecycle discord-mubot@0.0.0~prebot: no script for prebot, continuing
7 info lifecycle discord-mubot@0.0.0~bot: discord-mubot@0.0.0
8 verbose lifecycle discord-mubot@0.0.0~bot: unsafe-perm in lifecycle true
9 verbose lifecycle discord-mubot@0.0.0~bot: PATH: /usr/local/lib/node_modules/npm/bin/node-gyp-bin:/home/tkettle/Documents/Projects/discord-mubot/node_modules/.bin:/usr/local/bin:/usr/bin:/bin:/home/tkettle/bin:/usr/local/sbin:/usr/sbin
10 verbose lifecycle discord-mubot@0.0.0~bot: CWD: /home/tkettle/Documents/Projects/discord-mubot
11 silly lifecycle discord-mubot@0.0.0~bot: Args: [ '-c', 'node ./lib/index.js' ]
12 silly lifecycle discord-mubot@0.0.0~bot: Returned: code: 1  signal: null
13 info lifecycle discord-mubot@0.0.0~bot: Failed to exec bot script
14 verbose stack Error: discord-mubot@0.0.0 bot: `node ./lib/index.js`
14 verbose stack Exit status 1
14 verbose stack     at EventEmitter.<anonymous> (/usr/local/lib/node_modules/npm/lib/utils/lifecycle.js:255:16)
14 verbose stack     at emitTwo (events.js:106:13)
14 verbose stack     at EventEmitter.emit (events.js:191:7)
14 verbose stack     at ChildProcess.<anonymous> (/usr/local/lib/node_modules/npm/lib/utils/spawn.js:40:14)
14 verbose stack     at emitTwo (events.js:106:13)
14 verbose stack     at ChildProcess.emit (events.js:191:7)
14 verbose stack     at maybeClose (internal/child_process.js:885:16)
14 verbose stack     at Process.ChildProcess._handle.onexit (internal/child_process.js:226:5)
15 verbose pkgid discord-mubot@0.0.0
16 verbose cwd /home/tkettle/Documents/Projects/discord-mubot
17 error Linux 4.9.4-100.fc24.x86_64
18 error argv "/usr/local/bin/node" "/usr/local/bin/npm" "run" "bot"
19 error node v7.2.1
20 error npm  v3.10.10
21 error code ELIFECYCLE
22 error discord-mubot@0.0.0 bot: `node ./lib/index.js`
22 error Exit status 1
23 error Failed at the discord-mubot@0.0.0 bot script 'node ./lib/index.js'.
23 error Make sure you have the latest version of node.js and npm installed.
23 error If you do, this is most likely a problem with the discord-mubot package,
23 error not with npm itself.
23 error Tell the author that this fails on your system:
23 error     node ./lib/index.js
23 error You can get information on how to open an issue for this project with:
23 error     npm bugs discord-mubot
23 error Or if that isn't available, you can get their info via:
23 error     npm owner ls discord-mubot
23 error There is likely additional logging output above.
24 verbose exit [ 1, true ]
